0 info it worked if it ends with ok
1 verbose cli [ 'C:\\Program Files (x86)\\nodejs\\node.exe',
1 verbose cli   'C:\\Program Files (x86)\\nodejs\\node_modules\\npm\\bin\\npm-cli.js',
1 verbose cli   'run',
1 verbose cli   'webpack' ]
2 info using npm@3.8.6
3 info using node@v6.0.0
4 verbose run-script [ 'prewebpack', 'webpack', 'postwebpack' ]
5 info lifecycle webpack-domo@1.0.0~prewebpack: webpack-domo@1.0.0
6 silly lifecycle webpack-domo@1.0.0~prewebpack: no script for prewebpack, continuing
7 info lifecycle webpack-domo@1.0.0~webpack: webpack-domo@1.0.0
8 verbose lifecycle webpack-domo@1.0.0~webpack: unsafe-perm in lifecycle true
9 verbose lifecycle webpack-domo@1.0.0~webpack: PATH: C:\Program Files (x86)\nodejs\node_modules\npm\bin\node-gyp-bin;E:\webpack-domo\node_modules\.bin;C:\Program Files (x86)\nodejs;C:\Program Files (x86)\Common Files\NetSarang;C:\Windows\system32;C:\Windows;C:\Windows\System32\Wbem;C:\Windows\System32\WindowsPowerShell\v1.0\;C:\Program Files (x86)\NVIDIA Corporation\PhysX\Common;C:\Program Files\Intel\WiFi\bin\;C:\Program Files\Common Files\Intel\WirelessCommon\;C:\WINDOWS\system32;C:\WINDOWS;C:\WINDOWS\System32\Wbem;C:\WINDOWS\System32\WindowsPowerShell\v1.0\;E:\git安装包\Git\cmd;E:\git安装包\Git\bin;C:\Program Files (x86)\nodejs\;C:\Program Files\Intel\WiFi\bin\;C:\Program Files\Common Files\Intel\WirelessCommon\;C:\Users\hasee\AppData\Local\Microsoft\WindowsApps;C:\Users\hasee\AppData\Roaming\npm
10 verbose lifecycle webpack-domo@1.0.0~webpack: CWD: E:\webpack-domo
11 silly lifecycle webpack-domo@1.0.0~webpack: Args: [ '/d /s /c',
11 silly lifecycle   'webpack --config webpack.config.js --progress --display-modules --display-reasons --color' ]
12 silly lifecycle webpack-domo@1.0.0~webpack: Returned: code: 2  signal: null
13 info lifecycle webpack-domo@1.0.0~webpack: Failed to exec webpack script
14 verbose stack Error: webpack-domo@1.0.0 webpack: `webpack --config webpack.config.js --progress --display-modules --display-reasons --color`
14 verbose stack Exit status 2
14 verbose stack     at EventEmitter.<anonymous> (C:\Program Files (x86)\nodejs\node_modules\npm\lib\utils\lifecycle.js:239:16)
14 verbose stack     at emitTwo (events.js:106:13)
14 verbose stack     at EventEmitter.emit (events.js:191:7)
14 verbose stack     at ChildProcess.<anonymous> (C:\Program Files (x86)\nodejs\node_modules\npm\lib\utils\spawn.js:24:14)
14 verbose stack     at emitTwo (events.js:106:13)
14 verbose stack     at ChildProcess.emit (events.js:191:7)
14 verbose stack     at maybeClose (internal/child_process.js:850:16)
14 verbose stack     at Process.ChildProcess._handle.onexit (internal/child_process.js:215:5)
15 verbose pkgid webpack-domo@1.0.0
16 verbose cwd E:\webpack-domo
17 error Windows_NT 10.0.14393
18 error argv "C:\\Program Files (x86)\\nodejs\\node.exe" "C:\\Program Files (x86)\\nodejs\\node_modules\\npm\\bin\\npm-cli.js" "run" "webpack"
19 error node v6.0.0
20 error npm  v3.8.6
21 error code ELIFECYCLE
22 error webpack-domo@1.0.0 webpack: `webpack --config webpack.config.js --progress --display-modules --display-reasons --color`
22 error Exit status 2
23 error Failed at the webpack-domo@1.0.0 webpack script 'webpack --config webpack.config.js --progress --display-modules --display-reasons --color'.
23 error Make sure you have the latest version of node.js and npm installed.
23 error If you do, this is most likely a problem with the webpack-domo package,
23 error not with npm itself.
23 error Tell the author that this fails on your system:
23 error     webpack --config webpack.config.js --progress --display-modules --display-reasons --color
23 error You can get information on how to open an issue for this project with:
23 error     npm bugs webpack-domo
23 error Or if that isn't available, you can get their info via:
23 error     npm owner ls webpack-domo
23 error There is likely additional logging output above.
24 verbose exit [ 1, true ]
